<?xml version="1.0" encoding="UTF-8"?>
<!-- Generated by org.testng.reporters.JUnitXMLReporter -->
<testsuite hostname="sree-PC" name="Functional Testing" tests="7" failures="0" timestamp="13 Oct 2014 04:58:48 GMT" time="5.618" errors="0">
  <testcase name="verifyTemperature" time="1.456" classname="com.app.qa.tests.TemperatureServicesTest"/>
  <testcase name="verifyTemperature" time="1.046" classname="com.app.qa.tests.TemperatureServicesTest"/>
  <testcase name="verifyTemperaturNoValue" time="0.537" classname="com.app.qa.tests.TemperatureServicesTest"/>
  <testcase name="verifyTemperatureForMissingZip" time="1.291" classname="com.app.qa.tests.TemperatureServicesTest"/>
  <testcase name="verifyTemperatureWithInvalidDetails" time="0.445" classname="com.app.qa.tests.TemperatureServicesTest"/>
  <testcase name="verifyPageTitle" time="0.432" classname="com.app.qa.tests.TemperatureServicesTest"/>
  <testcase name="verifyPageHeader" time="0.044" classname="com.app.qa.tests.TemperatureServicesTest"/>
</testsuite> <!-- Functional Testing -->
