<?xml version="1.0" encoding="UTF-8"?>
<!-- Generated by org.testng.reporters.JUnitXMLReporter -->
<testsuite hostname="sree-PC" name="WebServices Testing" tests="6" failures="0" timestamp="13 Oct 2014 04:58:49 GMT" time="1.031" errors="0">
  <testcase name="testStatusCode" time="0.178" classname="com.app.qa.tests.REST"/>
  <testcase name="testStatus404Code" time="0.014" classname="com.app.qa.tests.REST"/>
  <testcase name="testStatusNoConentCode" time="0.198" classname="com.app.qa.tests.REST"/>
  <testcase name="testResponseType" time="0.201" classname="com.app.qa.tests.REST"/>
  <testcase name="testContentJSON" time="0.16" classname="com.app.qa.tests.REST"/>
  <testcase name="testContentJSON" time="0.156" classname="com.app.qa.tests.REST"/>
</testsuite> <!-- WebServices Testing -->
