<?xml version="1.0" encoding="UTF-8"?>
<!-- Generated by org.testng.reporters.JUnitXMLReporter -->
<testsuite hostname="sree-PC" name="Functional Testing" tests="7" failures="0" timestamp="11 Jan 2015 17:30:08 GMT" time="7.536" errors="0">
  <testcase name="verifyTemperature" time="1.655" classname="com.app.qa.tests.TemperatureServicesTest"/>
  <testcase name="verifyTemperature" time="1.191" classname="com.app.qa.tests.TemperatureServicesTest"/>
  <testcase name="verifyTemperaturNoValue" time="0.751" classname="com.app.qa.tests.TemperatureServicesTest"/>
  <testcase name="verifyTemperatureForMissingZip" time="2.234" classname="com.app.qa.tests.TemperatureServicesTest"/>
  <testcase name="verifyTemperatureWithInvalidDetails" time="0.503" classname="com.app.qa.tests.TemperatureServicesTest"/>
  <testcase name="verifyPageTitle" time="0.785" classname="com.app.qa.tests.TemperatureServicesTest"/>
  <testcase name="verifyPageHeader" time="0.08" classname="com.app.qa.tests.TemperatureServicesTest"/>
</testsuite> <!-- Functional Testing -->
