<?xml version="1.0" encoding="UTF-8"?>
<!-- Generated by org.testng.reporters.JUnitXMLReporter -->
<testsuite hostname="sree-PC" name="WebServices Testing" tests="6" failures="0" timestamp="11 Jan 2015 04:15:58 GMT" time="1.869" errors="0">
  <testcase name="testStatusCode" time="0.474" classname="com.app.qa.tests.RESTTest"/>
  <testcase name="testStatus404Code" time="0.03" classname="com.app.qa.tests.RESTTest"/>
  <testcase name="testStatusNoConentCode" time="0.347" classname="com.app.qa.tests.RESTTest"/>
  <testcase name="testResponseType" time="0.319" classname="com.app.qa.tests.RESTTest"/>
  <testcase name="testContentJSON" time="0.273" classname="com.app.qa.tests.RESTTest"/>
  <testcase name="testContentJSON" time="0.285" classname="com.app.qa.tests.RESTTest"/>
</testsuite> <!-- WebServices Testing -->
