<?xml version="1.0" encoding="UTF-8"?>
<!-- Generated by org.testng.reporters.JUnitXMLReporter -->
<testsuite hostname="sree-PC" name="Default test" tests="13" failures="0" timestamp="11 Jan 2015 16:57:52 GMT" time="9.027" errors="0">
  <testcase name="verifyTemperatureWithInvalidDetails" time="1.291" classname="com.app.qa.tests.TemperatureServicesTest"/>
  <testcase name="verifyTemperature" time="1.778" classname="com.app.qa.tests.TemperatureServicesTest"/>
  <testcase name="verifyTemperature" time="1.415" classname="com.app.qa.tests.TemperatureServicesTest"/>
  <testcase name="verifyPageTitle" time="0.022" classname="com.app.qa.tests.TemperatureServicesTest"/>
  <testcase name="verifyTemperatureForMissingZip" time="0.968" classname="com.app.qa.tests.TemperatureServicesTest"/>
  <testcase name="verifyPageHeader" time="0.054" classname="com.app.qa.tests.TemperatureServicesTest"/>
  <testcase name="verifyTemperaturNoValue" time="0.345" classname="com.app.qa.tests.TemperatureServicesTest"/>
  <testcase name="testStatusCode" time="0.299" classname="com.app.qa.tests.RESTTest"/>
  <testcase name="testStatusNoConentCode" time="0.347" classname="com.app.qa.tests.RESTTest"/>
  <testcase name="testStatus404Code" time="0.017" classname="com.app.qa.tests.RESTTest"/>
  <testcase name="testResponseType" time="0.299" classname="com.app.qa.tests.RESTTest"/>
  <testcase name="testContentJSON" time="0.421" classname="com.app.qa.tests.RESTTest"/>
  <testcase name="testContentJSON" time="0.298" classname="com.app.qa.tests.RESTTest"/>
</testsuite> <!-- Default test -->
